[37mI[37mnitializing[37m [37mI2C devices[37m.[37m..
[37mT[37mesting [37md[37mevice conne[37mc[37mtions...
[37mMPU6050 conn[37me[37mction succ[37me[37mssful
Init[37mi[37malizing DMP[37m.[37m..
[37m
[37mReading [37msensors for[37m [37mfirst time.[37m.[37m.
[37m.[37m..
3Seco[37mn[37mds

Calcu[37ml[37mating offse[37mt[37ms...
[37m
[37mFINISHED![37m
[37m
Sensor rea[37md[37mings with [37mo[37mffsets:	
[37mg[37myroX_offset [37m=[37m -138.00
g[37myroY_offset[37m [37m= -107.00
gyroZ_offset[37m [37m= -4.00
a[37mc[37mcelX_offse[37mt[37m = -3918.00[37m[37m
accelY_of[37mf[37mset = 829.0[37m0[37m
accelZ_o[37mf[37mfset = 1167[37m.[37m00
[37m>[37m.[37m.[37m.[37m.[37m.[37m.[37m>[37m.[37m.[37m.[37m.[37m.[37m.[37m[37m
[37m
[37m//         [37m [37m X Accel  [37mY[37m Accel  Z A[37mc[37mcel   X Gy[37mr[37mo   Y Gyro [37m [37m Z Gyro
//[37mO[37mFFSETS    -[37m3[37m940,     8[37m6[37m9,    1167,[37m [37m   -136,  [37m [37m -105,     [37m [37m-4
Enablin[37mg[37m DMP...
En[37ma[37mbling inter[37mr[37mupt detect[37mi[37mon (Arduino[37m [37mexternal i[37mn[37mterrupt 13[37m)[37m...
DMP re[37ma[37mdy! Waitin[37mg[37m for first [37mi[37mnterrupt..[37m.[37m
[37mE[37mLM327 C[37mo[37mnnected
[37mI[37mnitializing[37m [37mSD card...[37mc[37mard initiali[37mz[37med.
